[
  {
    "line": 1,
    "elements": [
      {
        "line": 3,
        "name": "User Logs In The Adactin Application",
        "description": "",
        "id": "hotel-booking-in-adactin-application;user-logs-in-the-adactin-application",
        "type": "scenario",
        "keyword": "Scenario",
        "steps": [
          {
            "result": {
              "duration": 1992001000,
              "status": "passed"
            },
            "line": 4,
            "name": "user Launches The Adactin Application",
            "match": {
              "location": "StepDefinition.user_Launches_The_Adactin_Application()"
            },
            "keyword": "Given "
          },
          {
            "result": {
              "duration": 20414200,
              "error_message": "org.openqa.selenium.NoSuchWindowException: no such window: target window already closed\nfrom unknown error: web view not found\n  (Session info: chrome\u003d106.0.5249.119)\nBuild info: version: \u00273.141.59\u0027, revision: \u0027e82be7d358\u0027, time: \u00272018-11-14T08:17:03\u0027\nSystem info: host: \u0027PRATHEEK\u0027, ip: \u0027192.168.29.163\u0027, os.name: \u0027Windows 10\u0027, os.arch: \u0027amd64\u0027, os.version: \u002710.0\u0027, java.version: \u00271.8.0_291\u0027\nDriver info: org.openqa.selenium.chrome.ChromeDriver\nCapabilities {acceptInsecureCerts: false, browserName: chrome, browserVersion: 106.0.5249.119, chrome: {chromedriverVersion: 105.0.5195.52 (412c95e51883..., userDataDir: C:\\Users\\Pratheek\\AppData\\L...}, goog:chromeOptions: {debuggerAddress: localhost:60878}, javascriptEnabled: true, networkConnectionEnabled: false, pageLoadStrategy: normal, platform: WINDOWS, platformName: WINDOWS, proxy: Proxy(), setWindowRect: true, strictFileInteractability: false, timeouts: {implicit: 0, pageLoad: 300000, script: 30000}, unhandledPromptBehavior: dismiss and notify, webauthn:extension:credBlob: true, webauthn:extension:largeBlob: true, webauthn:virtualAuthenticators: true}\nSession ID: 338672bb765da44170468931627d4335\n*** Element info: {Using\u003did, value\u003dusername}\r\n\tat sun.reflect.NativeConstructorAccessorImpl.newInstance0(Native Method)\r\n\tat sun.reflect.NativeConstructorAccessorImpl.newInstance(Unknown Source)\r\n\tat sun.reflect.DelegatingConstructorAccessorImpl.newInstance(Unknown Source)\r\n\tat java.lang.reflect.Constructor.newInstance(Unknown Source)\r\n\tat org.openqa.selenium.remote.http.W3CHttpResponseCodec.createException(W3CHttpResponseCodec.java:187)\r\n\tat org.openqa.selenium.remote.http.W3CHttpResponseCodec.decode(W3CHttpResponseCodec.java:122)\r\n\tat org.openqa.selenium.remote.http.W3CHttpResponseCodec.decode(W3CHttpResponseCodec.java:49)\r\n\tat org.openqa.selenium.remote.HttpCommandExecutor.execute(HttpCommandExecutor.java:158)\r\n\tat org.openqa.selenium.remote.service.DriverCommandExecutor.execute(DriverCommandExecutor.java:83)\r\n\tat org.openqa.selenium.remote.RemoteWebDriver.execute(RemoteWebDriver.java:552)\r\n\tat org.openqa.selenium.remote.RemoteWebDriver.findElement(RemoteWebDriver.java:323)\r\n\tat org.openqa.selenium.remote.RemoteWebDriver.findElementById(RemoteWebDriver.java:372)\r\n\tat org.openqa.selenium.By$ById.findElement(By.java:188)\r\n\tat org.openqa.selenium.remote.RemoteWebDriver.findElement(RemoteWebDriver.java:315)\r\n\tat com.adactin.stepdefinition.StepDefinition.user_Enters_The_Username_In_The_Username_TextBox(StepDefinition.java:32)\r\n\tat ✽.When user Enters The Username In The Username TextBox(C:/Users/Pratheek/eclipse-workspace/cucumberproj/src/test/java/com/adactin/feature/Adactin.feature:5)\r\n",
              "status": "failed"
            },
            "line": 5,
            "name": "user Enters The Username In The Username TextBox",
            "match": {
              "location": "StepDefinition.user_Enters_The_Username_In_The_Username_TextBox()"
            },
            "keyword": "When "
          },
          {
            "result": {
              "status": "skipped"
            },
            "line": 6,
            "name": "user Enters The Password In The Password Textbox",
            "match": {
              "location": "StepDefinition.user_Enters_The_Password_In_The_Password_Textbox()"
            },
            "keyword": "And "
          },
          {
            "result": {
              "status": "skipped"
            },
            "line": 7,
            "name": "user Clicks The Login Button And It Navigates To The Next Page",
            "match": {
              "location": "StepDefinition.user_Clicks_The_Login_Button_And_It_Navigates_To_The_Next_Page()"
            },
            "keyword": "Then "
          }
        ],
        "tags": [
          {
            "line": 2,
            "name": "@firstscenario"
          }
        ]
      },
      {
        "line": 10,
        "name": "User Enters Details To Search For Hotels",
        "description": "",
        "id": "hotel-booking-in-adactin-application;user-enters-details-to-search-for-hotels",
        "type": "scenario",
        "keyword": "Scenario",
        "steps": [
          {
            "result": {
              "duration": 20800,
              "status": "passed"
            },
            "line": 11,
            "name": "user Gets Navigated To The Hotels Search Page",
            "match": {
              "location": "StepDefinition.user_Gets_Navigated_To_The_Hotels_Search_Page()"
            },
            "keyword": "Given "
          },
          {
            "result": {
              "duration": 6991200,
              "error_message": "org.openqa.selenium.NoSuchWindowException: no such window: target window already closed\nfrom unknown error: web view not found\n  (Session info: chrome\u003d106.0.5249.119)\nBuild info: version: \u00273.141.59\u0027, revision: \u0027e82be7d358\u0027, time: \u00272018-11-14T08:17:03\u0027\nSystem info: host: \u0027PRATHEEK\u0027, ip: \u0027192.168.29.163\u0027, os.name: \u0027Windows 10\u0027, os.arch: \u0027amd64\u0027, os.version: \u002710.0\u0027, java.version: \u00271.8.0_291\u0027\nDriver info: org.openqa.selenium.chrome.ChromeDriver\nCapabilities {acceptInsecureCerts: false, browserName: chrome, browserVersion: 106.0.5249.119, chrome: {chromedriverVersion: 105.0.5195.52 (412c95e51883..., userDataDir: C:\\Users\\Pratheek\\AppData\\L...}, goog:chromeOptions: {debuggerAddress: localhost:60878}, javascriptEnabled: true, networkConnectionEnabled: false, pageLoadStrategy: normal, platform: WINDOWS, platformName: WINDOWS, proxy: Proxy(), setWindowRect: true, strictFileInteractability: false, timeouts: {implicit: 0, pageLoad: 300000, script: 30000}, unhandledPromptBehavior: dismiss and notify, webauthn:extension:credBlob: true, webauthn:extension:largeBlob: true, webauthn:virtualAuthenticators: true}\nSession ID: 338672bb765da44170468931627d4335\n*** Element info: {Using\u003dname, value\u003dlocation}\r\n\tat sun.reflect.NativeConstructorAccessorImpl.newInstance0(Native Method)\r\n\tat sun.reflect.NativeConstructorAccessorImpl.newInstance(Unknown Source)\r\n\tat sun.reflect.DelegatingConstructorAccessorImpl.newInstance(Unknown Source)\r\n\tat java.lang.reflect.Constructor.newInstance(Unknown Source)\r\n\tat org.openqa.selenium.remote.http.W3CHttpResponseCodec.createException(W3CHttpResponseCodec.java:187)\r\n\tat org.openqa.selenium.remote.http.W3CHttpResponseCodec.decode(W3CHttpResponseCodec.java:122)\r\n\tat org.openqa.selenium.remote.http.W3CHttpResponseCodec.decode(W3CHttpResponseCodec.java:49)\r\n\tat org.openqa.selenium.remote.HttpCommandExecutor.execute(HttpCommandExecutor.java:158)\r\n\tat org.openqa.selenium.remote.service.DriverCommandExecutor.execute(DriverCommandExecutor.java:83)\r\n\tat org.openqa.selenium.remote.RemoteWebDriver.execute(RemoteWebDriver.java:552)\r\n\tat org.openqa.selenium.remote.RemoteWebDriver.findElement(RemoteWebDriver.java:323)\r\n\tat org.openqa.selenium.remote.RemoteWebDriver.findElementByName(RemoteWebDriver.java:404)\r\n\tat org.openqa.selenium.By$ByName.findElement(By.java:284)\r\n\tat org.openqa.selenium.remote.RemoteWebDriver.findElement(RemoteWebDriver.java:315)\r\n\tat com.adactin.stepdefinition.StepDefinition.user_Enters_The_Location_Hotels_RoomType_No_Of_Rooms_In_Their_Respective_TextBoxes(StepDefinition.java:58)\r\n\tat ✽.When user Enters The Location,Hotels,RoomType,No.Of Rooms In Their Respective TextBoxes(C:/Users/Pratheek/eclipse-workspace/cucumberproj/src/test/java/com/adactin/feature/Adactin.feature:12)\r\n",
              "status": "failed"
            },
            "line": 12,
            "name": "user Enters The Location,Hotels,RoomType,No.Of Rooms In Their Respective TextBoxes",
            "match": {
              "location": "StepDefinition.user_Enters_The_Location_Hotels_RoomType_No_Of_Rooms_In_Their_Respective_TextBoxes()"
            },
            "keyword": "When "
          },
          {
            "result": {
              "status": "skipped"
            },
            "line": 13,
            "name": "user Enters The Check In Date,Check Out Date,Adults Per Room,Children Per Room In Their Respective TextBoxes",
            "match": {
              "location": "StepDefinition.user_Enters_The_Check_In_Date_Check_Out_Date_Adults_Per_Room_Children_Per_Room_In_Their_Respective_TextBoxes()"
            },
            "keyword": "And "
          },
          {
            "result": {
              "status": "skipped"
            },
            "line": 14,
            "name": "user Clicks Search Button And It Navigates To The Next Page",
            "match": {
              "location": "StepDefinition.user_Clicks_Search_Button_And_It_Navigates_To_The_Next_Page()"
            },
            "keyword": "Then "
          }
        ],
        "tags": [
          {
            "line": 9,
            "name": "@secondscenario"
          }
        ]
      },
      {
        "line": 17,
        "name": "User Selects The Prefered Hotel",
        "description": "",
        "id": "hotel-booking-in-adactin-application;user-selects-the-prefered-hotel",
        "type": "scenario",
        "keyword": "Scenario",
        "steps": [
          {
            "result": {
              "duration": 15701,
              "status": "passed"
            },
            "line": 18,
            "name": "User Gets Navigated To The Hotel Selection Page",
            "match": {
              "location": "StepDefinition.user_Gets_Navigated_To_The_Hotel_Selection_Page()"
            },
            "keyword": "Given "
          },
          {
            "result": {
              "duration": 7749700,
              "error_message": "org.openqa.selenium.NoSuchWindowException: no such window: target window already closed\nfrom unknown error: web view not found\n  (Session info: chrome\u003d106.0.5249.119)\nBuild info: version: \u00273.141.59\u0027, revision: \u0027e82be7d358\u0027, time: \u00272018-11-14T08:17:03\u0027\nSystem info: host: \u0027PRATHEEK\u0027, ip: \u0027192.168.29.163\u0027, os.name: \u0027Windows 10\u0027, os.arch: \u0027amd64\u0027, os.version: \u002710.0\u0027, java.version: \u00271.8.0_291\u0027\nDriver info: org.openqa.selenium.chrome.ChromeDriver\nCapabilities {acceptInsecureCerts: false, browserName: chrome, browserVersion: 106.0.5249.119, chrome: {chromedriverVersion: 105.0.5195.52 (412c95e51883..., userDataDir: C:\\Users\\Pratheek\\AppData\\L...}, goog:chromeOptions: {debuggerAddress: localhost:60878}, javascriptEnabled: true, networkConnectionEnabled: false, pageLoadStrategy: normal, platform: WINDOWS, platformName: WINDOWS, proxy: Proxy(), setWindowRect: true, strictFileInteractability: false, timeouts: {implicit: 0, pageLoad: 300000, script: 30000}, unhandledPromptBehavior: dismiss and notify, webauthn:extension:credBlob: true, webauthn:extension:largeBlob: true, webauthn:virtualAuthenticators: true}\nSession ID: 338672bb765da44170468931627d4335\n*** Element info: {Using\u003dname, value\u003dradiobutton_0}\r\n\tat sun.reflect.NativeConstructorAccessorImpl.newInstance0(Native Method)\r\n\tat sun.reflect.NativeConstructorAccessorImpl.newInstance(Unknown Source)\r\n\tat sun.reflect.DelegatingConstructorAccessorImpl.newInstance(Unknown Source)\r\n\tat java.lang.reflect.Constructor.newInstance(Unknown Source)\r\n\tat org.openqa.selenium.remote.http.W3CHttpResponseCodec.createException(W3CHttpResponseCodec.java:187)\r\n\tat org.openqa.selenium.remote.http.W3CHttpResponseCodec.decode(W3CHttpResponseCodec.java:122)\r\n\tat org.openqa.selenium.remote.http.W3CHttpResponseCodec.decode(W3CHttpResponseCodec.java:49)\r\n\tat org.openqa.selenium.remote.HttpCommandExecutor.execute(HttpCommandExecutor.java:158)\r\n\tat org.openqa.selenium.remote.service.DriverCommandExecutor.execute(DriverCommandExecutor.java:83)\r\n\tat org.openqa.selenium.remote.RemoteWebDriver.execute(RemoteWebDriver.java:552)\r\n\tat org.openqa.selenium.remote.RemoteWebDriver.findElement(RemoteWebDriver.java:323)\r\n\tat org.openqa.selenium.remote.RemoteWebDriver.findElementByName(RemoteWebDriver.java:404)\r\n\tat org.openqa.selenium.By$ByName.findElement(By.java:284)\r\n\tat org.openqa.selenium.remote.RemoteWebDriver.findElement(RemoteWebDriver.java:315)\r\n\tat com.adactin.stepdefinition.StepDefinition.user_Selects_The_Hotel_Cornice(StepDefinition.java:116)\r\n\tat ✽.When user Selects The Hotel Cornice(C:/Users/Pratheek/eclipse-workspace/cucumberproj/src/test/java/com/adactin/feature/Adactin.feature:19)\r\n",
              "status": "failed"
            },
            "line": 19,
            "name": "user Selects The Hotel Cornice",
            "match": {
              "location": "StepDefinition.user_Selects_The_Hotel_Cornice()"
            },
            "keyword": "When "
          },
          {
            "result": {
              "status": "skipped"
            },
            "line": 20,
            "name": "user Clicks The Checkbox For Hotel Cornice",
            "match": {
              "location": "StepDefinition.user_Clicks_The_Checkbox_For_Hotel_Cornice()"
            },
            "keyword": "And "
          },
          {
            "result": {
              "status": "skipped"
            },
            "line": 21,
            "name": "user Clicks Continue Button And It Navigates To The Next Page",
            "match": {
              "location": "StepDefinition.user_Clicks_Continue_Button_And_It_Navigates_To_The_Next_Page()"
            },
            "keyword": "Then "
          }
        ],
        "tags": [
          {
            "line": 16,
            "name": "@thirdscenario"
          }
        ]
      },
      {
        "line": 24,
        "name": "User The Name,Address And Card Details",
        "description": "",
        "id": "hotel-booking-in-adactin-application;user-the-name,address-and-card-details",
        "type": "scenario",
        "keyword": "Scenario",
        "steps": [
          {
            "result": {
              "duration": 19999,
              "status": "passed"
            },
            "line": 25,
            "name": "user Gets Navigated To The BookNow Page",
            "match": {
              "location": "StepDefinition.user_Gets_Navigated_To_The_BookNow_Page()"
            },
            "keyword": "Given "
          },
          {
            "result": {
              "duration": 8735300,
              "error_message": "org.openqa.selenium.NoSuchWindowException: no such window: target window already closed\nfrom unknown error: web view not found\n  (Session info: chrome\u003d106.0.5249.119)\nBuild info: version: \u00273.141.59\u0027, revision: \u0027e82be7d358\u0027, time: \u00272018-11-14T08:17:03\u0027\nSystem info: host: \u0027PRATHEEK\u0027, ip: \u0027192.168.29.163\u0027, os.name: \u0027Windows 10\u0027, os.arch: \u0027amd64\u0027, os.version: \u002710.0\u0027, java.version: \u00271.8.0_291\u0027\nDriver info: org.openqa.selenium.chrome.ChromeDriver\nCapabilities {acceptInsecureCerts: false, browserName: chrome, browserVersion: 106.0.5249.119, chrome: {chromedriverVersion: 105.0.5195.52 (412c95e51883..., userDataDir: C:\\Users\\Pratheek\\AppData\\L...}, goog:chromeOptions: {debuggerAddress: localhost:60878}, javascriptEnabled: true, networkConnectionEnabled: false, pageLoadStrategy: normal, platform: WINDOWS, platformName: WINDOWS, proxy: Proxy(), setWindowRect: true, strictFileInteractability: false, timeouts: {implicit: 0, pageLoad: 300000, script: 30000}, unhandledPromptBehavior: dismiss and notify, webauthn:extension:credBlob: true, webauthn:extension:largeBlob: true, webauthn:virtualAuthenticators: true}\nSession ID: 338672bb765da44170468931627d4335\n*** Element info: {Using\u003dname, value\u003dfirst_name}\r\n\tat sun.reflect.NativeConstructorAccessorImpl.newInstance0(Native Method)\r\n\tat sun.reflect.NativeConstructorAccessorImpl.newInstance(Unknown Source)\r\n\tat sun.reflect.DelegatingConstructorAccessorImpl.newInstance(Unknown Source)\r\n\tat java.lang.reflect.Constructor.newInstance(Unknown Source)\r\n\tat org.openqa.selenium.remote.http.W3CHttpResponseCodec.createException(W3CHttpResponseCodec.java:187)\r\n\tat org.openqa.selenium.remote.http.W3CHttpResponseCodec.decode(W3CHttpResponseCodec.java:122)\r\n\tat org.openqa.selenium.remote.http.W3CHttpResponseCodec.decode(W3CHttpResponseCodec.java:49)\r\n\tat org.openqa.selenium.remote.HttpCommandExecutor.execute(HttpCommandExecutor.java:158)\r\n\tat org.openqa.selenium.remote.service.DriverCommandExecutor.execute(DriverCommandExecutor.java:83)\r\n\tat org.openqa.selenium.remote.RemoteWebDriver.execute(RemoteWebDriver.java:552)\r\n\tat org.openqa.selenium.remote.RemoteWebDriver.findElement(RemoteWebDriver.java:323)\r\n\tat org.openqa.selenium.remote.RemoteWebDriver.findElementByName(RemoteWebDriver.java:404)\r\n\tat org.openqa.selenium.By$ByName.findElement(By.java:284)\r\n\tat org.openqa.selenium.remote.RemoteWebDriver.findElement(RemoteWebDriver.java:315)\r\n\tat com.adactin.stepdefinition.StepDefinition.user_Enters_The_First_Name_Last_Name_And_Billing_Address(StepDefinition.java:138)\r\n\tat ✽.When user Enters The First Name,Last Name And Billing Address(C:/Users/Pratheek/eclipse-workspace/cucumberproj/src/test/java/com/adactin/feature/Adactin.feature:26)\r\n",
              "status": "failed"
            },
            "line": 26,
            "name": "user Enters The First Name,Last Name And Billing Address",
            "match": {
              "location": "StepDefinition.user_Enters_The_First_Name_Last_Name_And_Billing_Address()"
            },
            "keyword": "When "
          },
          {
            "result": {
              "status": "skipped"
            },
            "line": 27,
            "name": "user Enters The Credit Card Number,Credit Card Type,Expiry Date And CVV Number",
            "match": {
              "location": "StepDefinition.user_Enters_The_Credit_Card_Number_Credit_Card_Type_Expiry_Date_And_CVV_Number()"
            },
            "keyword": "And "
          },
          {
            "result": {
              "status": "skipped"
            },
            "line": 28,
            "name": "user Clicks BookNow Button And It Navigates To The Next Page",
            "match": {
              "location": "StepDefinition.user_Clicks_BookNow_Button_And_It_Navigates_To_The_Next_Page()"
            },
            "keyword": "Then "
          }
        ],
        "tags": [
          {
            "line": 23,
            "name": "@fourthscenario"
          }
        ]
      },
      {
        "line": 31,
        "name": "User Logsout After Checking Booking Confirmation",
        "description": "",
        "id": "hotel-booking-in-adactin-application;user-logsout-after-checking-booking-confirmation",
        "type": "scenario",
        "keyword": "Scenario",
        "steps": [
          {
            "result": {
              "duration": 15599,
              "status": "passed"
            },
            "line": 32,
            "name": "user Gets Navigated To The Booking Confirmation Page",
            "match": {
              "location": "StepDefinition.user_Gets_Navigated_To_The_Booking_Confirmation_Page()"
            },
            "keyword": "Given "
          },
          {
            "result": {
              "duration": 7700,
              "status": "passed"
            },
            "line": 33,
            "name": "user Checks The Booking Confirmation Details With Order Number",
            "match": {
              "location": "StepDefinition.user_Checks_The_Booking_Confirmation_Details_With_Order_Number()"
            },
            "keyword": "When "
          },
          {
            "result": {
              "duration": 8007522301,
              "error_message": "org.openqa.selenium.NoSuchWindowException: no such window: target window already closed\nfrom unknown error: web view not found\n  (Session info: chrome\u003d106.0.5249.119)\nBuild info: version: \u00273.141.59\u0027, revision: \u0027e82be7d358\u0027, time: \u00272018-11-14T08:17:03\u0027\nSystem info: host: \u0027PRATHEEK\u0027, ip: \u0027192.168.29.163\u0027, os.name: \u0027Windows 10\u0027, os.arch: \u0027amd64\u0027, os.version: \u002710.0\u0027, java.version: \u00271.8.0_291\u0027\nDriver info: org.openqa.selenium.chrome.ChromeDriver\nCapabilities {acceptInsecureCerts: false, browserName: chrome, browserVersion: 106.0.5249.119, chrome: {chromedriverVersion: 105.0.5195.52 (412c95e51883..., userDataDir: C:\\Users\\Pratheek\\AppData\\L...}, goog:chromeOptions: {debuggerAddress: localhost:60878}, javascriptEnabled: true, networkConnectionEnabled: false, pageLoadStrategy: normal, platform: WINDOWS, platformName: WINDOWS, proxy: Proxy(), setWindowRect: true, strictFileInteractability: false, timeouts: {implicit: 0, pageLoad: 300000, script: 30000}, unhandledPromptBehavior: dismiss and notify, webauthn:extension:credBlob: true, webauthn:extension:largeBlob: true, webauthn:virtualAuthenticators: true}\nSession ID: 338672bb765da44170468931627d4335\r\n\tat sun.reflect.NativeConstructorAccessorImpl.newInstance0(Native Method)\r\n\tat sun.reflect.NativeConstructorAccessorImpl.newInstance(Unknown Source)\r\n\tat sun.reflect.DelegatingConstructorAccessorImpl.newInstance(Unknown Source)\r\n\tat java.lang.reflect.Constructor.newInstance(Unknown Source)\r\n\tat org.openqa.selenium.remote.http.W3CHttpResponseCodec.createException(W3CHttpResponseCodec.java:187)\r\n\tat org.openqa.selenium.remote.http.W3CHttpResponseCodec.decode(W3CHttpResponseCodec.java:122)\r\n\tat org.openqa.selenium.remote.http.W3CHttpResponseCodec.decode(W3CHttpResponseCodec.java:49)\r\n\tat org.openqa.selenium.remote.HttpCommandExecutor.execute(HttpCommandExecutor.java:158)\r\n\tat org.openqa.selenium.remote.service.DriverCommandExecutor.execute(DriverCommandExecutor.java:83)\r\n\tat org.openqa.selenium.remote.RemoteWebDriver.execute(RemoteWebDriver.java:552)\r\n\tat org.openqa.selenium.remote.RemoteWebDriver.execute(RemoteWebDriver.java:609)\r\n\tat org.openqa.selenium.remote.RemoteWebDriver.getScreenshotAs(RemoteWebDriver.java:295)\r\n\tat com.adactin.stepdefinition.StepDefinition.user_Clicks_The_Logout_Button(StepDefinition.java:185)\r\n\tat ✽.And user Clicks The Logout Button(C:/Users/Pratheek/eclipse-workspace/cucumberproj/src/test/java/com/adactin/feature/Adactin.feature:34)\r\n",
              "status": "failed"
            },
            "line": 34,
            "name": "user Clicks The Logout Button",
            "match": {
              "location": "StepDefinition.user_Clicks_The_Logout_Button()"
            },
            "keyword": "And "
          },
          {
            "result": {
              "status": "skipped"
            },
            "line": 35,
            "name": "user Logsout Of The Application",
            "match": {
              "location": "StepDefinition.user_Logsout_Of_The_Application()"
            },
            "keyword": "Then "
          }
        ],
        "tags": [
          {
            "line": 30,
            "name": "@fifthscenario"
          }
        ]
      }
    ],
    "name": "Hotel Booking In Adactin Application",
    "description": "",
    "id": "hotel-booking-in-adactin-application",
    "keyword": "Feature",
    "uri": "C:/Users/Pratheek/eclipse-workspace/cucumberproj/src/test/java/com/adactin/feature/Adactin.feature"
  }
]